<?xml version="1.0" encoding="UTF-8"?>
<testsuite xmlns:xsi="http://www.w3.org/2001/XMLSchema-instance" xsi:noNamespaceSchemaLocation="https://maven.apache.org/surefire/maven-surefire-plugin/xsd/surefire-test-report-3.0.xsd" version="3.0" name="com.example.DemoApplicationTests" time="2.891" tests="1" errors="0" skipped="0" failures="0">
  <properties>
[...]
</properties>
  <testcase name="contextLoads" classname="com.example.DemoApplicationTests" time="0.804">
    <system-out><![CDATA[22:38:18.563 [main] INFO org.springframework.test.context.support.AnnotationConfigContextLoaderUtils -- Could not detect default configuration classes for test class [com.example.DemoApplicationTests]: DemoApplicationTests does not declare any static, non-private, non-final, nested classes annotated with @Configuration.
22:38:18.645 [main] INFO org.springframework.boot.test.context.SpringBootTestContextBootstrapper -- Found @SpringBootConfiguration com.example.DemoApplication for test class com.example.DemoApplicationTests

  .   ____          _            __ _ _
 /\\ / ___'_ __ _ _(_)_ __  __ _ \ \ \ \
( ( )\___ | '_ | '_| | '_ \/ _` | \ \ \ \
 \\/  ___)| |_)| | | | | || (_| |  ) ) ) )
  '  |____| .__|_| |_|_| |_\__, | / / / /
 =========|_|==============|___/=/_/_/_/

 :: Spring Boot ::                (v3.3.5)

2024-10-26T22:38:18.990+08:00  INFO 5804 --- [           main] com.example.DemoApplicationTests         : Starting DemoApplicationTests using Java 17.0.2 with PID 5804 (started by lenovo in D:\111\大三\移动应用开发\demo)
2024-10-26T22:38:18.991+08:00  INFO 5804 --- [           main] com.example.DemoApplicationTests         : No active profile set, falling back to 1 default profile: "default"
2024-10-26T22:38:20.518+08:00  INFO 5804 --- [           main] com.example.DemoApplicationTests         : Started DemoApplicationTests in 1.771 seconds (process running for 2.408)
]]></system-out>
  </testcase>
</testsuite>